[2024-02-22 13:32:07] - Starting CandidateManagementApplication using Java 17.0.7 with PID 21824 (C:\Users\RASHMI SHUKLA\Documents\workspace-spring-tool-suite-4-4.19.0.RELEASE\Candidate-Management\target\classes started by rshukla41 in C:\Users\RASHMI SHUKLA\Documents\workspace-spring-tool-suite-4-4.19.0.RELEASE\Candidate-Management)
[2024-02-22 13:32:07] - No active profile set, falling back to 1 default profile: "default"
[2024-02-22 13:32:07] - Devtools property defaults active! Set 'spring.devtools.add-properties' to 'false' to disable
[2024-02-22 13:32:07] - For additional web related logging consider setting the 'logging.level.web' property to 'DEBUG'
[2024-02-22 13:32:07] - Bootstrapping Spring Data JPA repositories in DEFAULT mode.
[2024-02-22 13:32:08] - Finished Spring Data repository scanning in 55 ms. Found 1 JPA repository interface.
[2024-02-22 13:32:08] - Tomcat initialized with port 8080 (http)
[2024-02-22 13:32:08] - Starting service [Tomcat]
[2024-02-22 13:32:08] - Starting Servlet engine: [Apache Tomcat/10.1.18]
[2024-02-22 13:32:08] - Initializing Spring embedded WebApplicationContext
[2024-02-22 13:32:08] - Root WebApplicationContext: initialization completed in 1513 ms
[2024-02-22 13:32:08] - HHH000204: Processing PersistenceUnitInfo [name: default]
[2024-02-22 13:32:09] - HHH000412: Hibernate ORM core version 6.4.1.Final
[2024-02-22 13:32:09] - HHH000026: Second-level cache disabled
[2024-02-22 13:32:09] - No LoadTimeWeaver setup: ignoring JPA class transformer
[2024-02-22 13:32:09] - HikariPool-1 - Starting...
[2024-02-22 13:32:09] - HikariPool-1 - Added connection com.mysql.cj.jdbc.ConnectionImpl@df6451d
[2024-02-22 13:32:09] - HikariPool-1 - Start completed.
[2024-02-22 13:32:09] - HHH90000025: MySQL8Dialect does not need to be specified explicitly using 'hibernate.dialect' (remove the property setting and it will be selected by default)
[2024-02-22 13:32:09] - HHH90000026: MySQL8Dialect has been deprecated; use org.hibernate.dialect.MySQLDialect instead
[2024-02-22 13:32:10] - HHH000489: No JTA platform available (set 'hibernate.transaction.jta.platform' to enable JTA platform integration)
[2024-02-22 13:32:10] - Initialized JPA EntityManagerFactory for persistence unit 'default'
[2024-02-22 13:32:11] - spring.jpa.open-in-view is enabled by default. Therefore, database queries may be performed during view rendering. Explicitly configure spring.jpa.open-in-view to disable this warning
[2024-02-22 13:32:11] - LiveReload server is running on port 35729
[2024-02-22 13:32:11] - Tomcat started on port 8080 (http) with context path ''
[2024-02-22 13:32:11] - Started CandidateManagementApplication in 4.851 seconds (process running for 5.888)
[2024-02-22 13:32:28] - Initializing Spring DispatcherServlet 'dispatcherServlet'
[2024-02-22 13:32:28] - Initializing Servlet 'dispatcherServlet'
[2024-02-22 13:32:28] - Completed initialization in 1 ms
[2024-02-22 13:32:28] - check the log file --> getAllCandidates() method called to get candidate record from database
[2024-02-22 13:33:54] - check the log file --> getAllCandidates() method called to get candidate record from database
[2024-02-22 14:19:50] - HikariPool-1 - Thread starvation or clock leap detected (housekeeper delta=4m9s890ms466µs600ns).
[2024-02-22 14:23:34] - Restarting due to 3 class path changes (0 additions, 0 deletions, 3 modifications)
[2024-02-22 14:23:34] - Closing JPA EntityManagerFactory for persistence unit 'default'
[2024-02-22 14:23:34] - HikariPool-1 - Shutdown initiated...
[2024-02-22 14:23:34] - HikariPool-1 - Shutdown completed.
[2024-02-22 14:23:34] - Starting CandidateManagementApplication using Java 17.0.7 with PID 21824 (C:\Users\RASHMI SHUKLA\Documents\workspace-spring-tool-suite-4-4.19.0.RELEASE\Candidate-Management\target\classes started by rshukla41 in C:\Users\RASHMI SHUKLA\Documents\workspace-spring-tool-suite-4-4.19.0.RELEASE\Candidate-Management)
[2024-02-22 14:23:34] - No active profile set, falling back to 1 default profile: "default"
[2024-02-22 14:23:35] - Bootstrapping Spring Data JPA repositories in DEFAULT mode.
[2024-02-22 14:23:35] - Finished Spring Data repository scanning in 12 ms. Found 1 JPA repository interface.
[2024-02-22 14:23:35] - Tomcat initialized with port 8080 (http)
[2024-02-22 14:23:35] - Starting service [Tomcat]
[2024-02-22 14:23:35] - Starting Servlet engine: [Apache Tomcat/10.1.18]
[2024-02-22 14:23:35] - Initializing Spring embedded WebApplicationContext
[2024-02-22 14:23:35] - Root WebApplicationContext: initialization completed in 277 ms
[2024-02-22 14:23:35] - HHH000204: Processing PersistenceUnitInfo [name: default]
[2024-02-22 14:23:35] - HHH000026: Second-level cache disabled
[2024-02-22 14:23:35] - No LoadTimeWeaver setup: ignoring JPA class transformer
[2024-02-22 14:23:35] - HikariPool-2 - Starting...
[2024-02-22 14:23:35] - HikariPool-2 - Added connection com.mysql.cj.jdbc.ConnectionImpl@7e519e8f
[2024-02-22 14:23:35] - HikariPool-2 - Start completed.
[2024-02-22 14:23:35] - HHH90000025: MySQL8Dialect does not need to be specified explicitly using 'hibernate.dialect' (remove the property setting and it will be selected by default)
[2024-02-22 14:23:35] - HHH90000026: MySQL8Dialect has been deprecated; use org.hibernate.dialect.MySQLDialect instead
[2024-02-22 14:23:35] - HHH000489: No JTA platform available (set 'hibernate.transaction.jta.platform' to enable JTA platform integration)
[2024-02-22 14:23:35] - Initialized JPA EntityManagerFactory for persistence unit 'default'
[2024-02-22 14:23:35] - spring.jpa.open-in-view is enabled by default. Therefore, database queries may be performed during view rendering. Explicitly configure spring.jpa.open-in-view to disable this warning
[2024-02-22 14:23:35] - LiveReload server is running on port 35729
[2024-02-22 14:23:35] - Tomcat started on port 8080 (http) with context path ''
[2024-02-22 14:23:35] - Started CandidateManagementApplication in 0.523 seconds (process running for 3089.591)
[2024-02-22 14:23:35] - Condition evaluation unchanged
[2024-02-22 14:56:02] - Initializing Spring DispatcherServlet 'dispatcherServlet'
[2024-02-22 14:56:02] - Initializing Servlet 'dispatcherServlet'
[2024-02-22 14:56:02] - Completed initialization in 2 ms
[2024-02-22 15:07:28] - Application shutdown requested.
[2024-02-22 15:07:28] - Closing JPA EntityManagerFactory for persistence unit 'default'
[2024-02-22 15:07:28] - HikariPool-2 - Shutdown initiated...
[2024-02-22 15:07:28] - HikariPool-2 - Shutdown completed.
